console.ts:137 [Extension Host] {"level":"info","message":"Loading config.yaml from {\"uriType\":\"slug\",\"fullSlug\":{\"ownerSlug\":\"philipobi\",\"packageSlug\":\"inference-service-assistant\",\"versionSlug\":\"0.0.2\"}} with root path undefined"}
localProcessExtensionHost.ts:275 Extension Host
localProcessExtensionHost.ts:276 {"level":"info","message":"Loading config.yaml from {\"uriType\":\"slug\",\"fullSlug\":{\"ownerSlug\":\"philipobi\",\"packageSlug\":\"inference-service-assistant\",\"versionSlug\":\"0.0.2\"}} with root path undefined"}

log.ts:460   ERR [Extension Host] Error retrieving FTS chunks: Error: SQLITE_ERROR: no such table: fts
--> in Database#all('\n' +
  '      SELECT fts_metadata.chunkId, fts_metadata.path, fts.content, rank\n' +
  '      FROM fts\n' +
  '      JOIN fts_metadata ON fts.rowid = fts_metadata.id\n' +
  '      JOIN chunk_tags ON fts_metadata.chunkId = chunk_tags.chunkId\n' +
  '      WHERE fts MATCH ?\n' +
  '      AND chunk_tags.tag IN (?)\n' +
  '      \n' +
  '      ORDER BY bm25(fts, 10)\n' +
  '      LIMIT ?\n' +
  '    ', [
  '"cod OR ode OR deb OR eba OR bas OR ase"',
  'file:///Users/philip/Documents/basf2::main::chunks',
  7
], [Function (anonymous)])
	at new Promise (<anonymous>)
error @ log.ts:460
error @ log.ts:565
error @ logService.ts:51
Cgs @ remoteConsoleUtil.ts:58
$logExtensionHostMessage @ mainThreadConsole.ts:38
S @ rpcProtocol.ts:458
Q @ rpcProtocol.ts:443
M @ rpcProtocol.ts:373
L @ rpcProtocol.ts:299
(anonymous) @ rpcProtocol.ts:161
B @ event.ts:1208
fire @ event.ts:1239
fire @ ipc.net.ts:652
l.onmessage @ localProcessExtensionHost.ts:378
console.ts:137 [Extension Host] Error retrieving FTS chunks: Error: SQLITE_ERROR: no such table: fts
--> in Database#all('\n' +
  '      SELECT fts_metadata.chunkId, fts_metadata.path, fts.content, rank\n' +
  '      FROM fts\n' +
  '      JOIN fts_metadata ON fts.rowid = fts_metadata.id\n' +
  '      JOIN chunk_tags ON fts_metadata.chunkId = chunk_tags.chunkId\n' +
  '      WHERE fts MATCH ?\n' +
  '      AND chunk_tags.tag IN (?)\n' +
  '      \n' +
  '      ORDER BY bm25(fts, 10)\n' +
  '      LIMIT ?\n' +
  '    ', [
  '"cod OR ode OR deb OR eba OR bas OR ase"',
  'file:///Users/philip/Documents/basf2::main::chunks',
  7
], [Function (anonymous)])
	at new Promise (<anonymous>)
wgs @ console.ts:137
$logExtensionHostMessage @ mainThreadConsole.ts:39
S @ rpcProtocol.ts:458
Q @ rpcProtocol.ts:443
M @ rpcProtocol.ts:373
L @ rpcProtocol.ts:299
(anonymous) @ rpcProtocol.ts:161
B @ event.ts:1208
fire @ event.ts:1239
fire @ ipc.net.ts:652
l.onmessage @ localProcessExtensionHost.ts:378
console.ts:137 [Extension Host] Table not found in LanceDB fileUsersphilipDocumentsbasf2mainvectordb_TransformersJsEmbeddingsProviderall-MiniLM-L6-v2500
wgs @ console.ts:137
$logExtensionHostMessage @ mainThreadConsole.ts:39
S @ rpcProtocol.ts:458
Q @ rpcProtocol.ts:443
M @ rpcProtocol.ts:373
L @ rpcProtocol.ts:299
(anonymous) @ rpcProtocol.ts:161
B @ event.ts:1208
fire @ event.ts:1239
fire @ ipc.net.ts:652
l.onmessage @ localProcessExtensionHost.ts:378
log.ts:460   ERR [Extension Host] Error retrieving embeddings: Error: SQLITE_ERROR: no such table: lance_db_cache
error @ log.ts:460
error @ log.ts:565
error @ logService.ts:51
Cgs @ remoteConsoleUtil.ts:58
$logExtensionHostMessage @ mainThreadConsole.ts:38
S @ rpcProtocol.ts:458
Q @ rpcProtocol.ts:443
M @ rpcProtocol.ts:373
L @ rpcProtocol.ts:299
(anonymous) @ rpcProtocol.ts:161
B @ event.ts:1208
fire @ event.ts:1239
fire @ ipc.net.ts:652
l.onmessage @ localProcessExtensionHost.ts:378
console.ts:137 [Extension Host] Error retrieving embeddings: Error: SQLITE_ERROR: no such table: lance_db_cache
wgs @ console.ts:137
$logExtensionHostMessage @ mainThreadConsole.ts:39
S @ rpcProtocol.ts:458
Q @ rpcProtocol.ts:443
M @ rpcProtocol.ts:373
L @ rpcProtocol.ts:299
(anonymous) @ rpcProtocol.ts:161
B @ event.ts:1208
fire @ event.ts:1239
fire @ ipc.net.ts:652
l.onmessage @ localProcessExtensionHost.ts:378
console.ts:137 [Extension Host] LanceDBIndex, skipping file:///Users/philip/Documents/basf2/validation/validation/example.root: Error: did not chunk properly
console.ts:137 [Extension Host] LanceDBIndex, skipping file:///Users/philip/Documents/basf2/validation/html_static/js/external/ractive.min.js.map: Error: did not chunk properly
console.ts:137 [Extension Host] LanceDBIndex, skipping file:///Users/philip/Documents/basf2/trg/validation/TRGValidation.root: Error: did not chunk properly
